[2022-10-26 11:42:56.777] [INFO ] [main] com.springboot.api.ApiApplication Starting ApiApplication using Java 11.0.16.1 on DESKTOP-ERTCLM2 with PID 17944 (C:\Users\황순호\Desktop\HSH_inteliJ\api\target\classes started by 황순호 in C:\Users\황순호\Desktop\HSH_inteliJ\api)
[2022-10-26 11:42:56.781] [INFO ] [main] com.springboot.api.ApiApplication No active profile set, falling back to 1 default profile: "default"
[2022-10-26 11:42:58.071] [INFO ] [main] org.springframework.boot.web.embedded.tomcat.TomcatWebServer Tomcat initialized with port(s): 8080 (http)
[2022-10-26 11:42:58.083] [INFO ] [main] org.apache.coyote.http11.Http11NioProtocol Initializing ProtocolHandler ["http-nio-8080"]
[2022-10-26 11:42:58.083] [INFO ] [main] org.apache.catalina.core.StandardService Starting service [Tomcat]
[2022-10-26 11:42:58.091] [INFO ] [main] org.apache.catalina.core.StandardEngine Starting Servlet engine: [Apache Tomcat/9.0.68]
[2022-10-26 11:42:58.194] [INFO ] [main] org.apache.catalina.core.ContainerBase.[Tomcat].[localhost].[/] Initializing Spring embedded WebApplicationContext
[2022-10-26 11:42:58.194] [INFO ] [main] org.springframework.boot.web.servlet.context.ServletWebServerApplicationContext Root WebApplicationContext: initialization completed in 1367 ms
[2022-10-26 11:42:58.582] [INFO ] [main] springfox.documentation.spring.web.PropertySourcedRequestMappingHandlerMapping Mapped URL path [/v2/api-docs] onto method [springfox.documentation.swagger2.web.Swagger2Controller#getDocumentation(String, HttpServletRequest)]
[2022-10-26 11:42:58.750] [INFO ] [main] org.apache.coyote.http11.Http11NioProtocol Starting ProtocolHandler ["http-nio-8080"]
[2022-10-26 11:42:58.768] [INFO ] [main] org.springframework.boot.web.embedded.tomcat.TomcatWebServer Tomcat started on port(s): 8080 (http) with context path ''
[2022-10-26 11:42:58.770] [INFO ] [main] springfox.documentation.spring.web.plugins.DocumentationPluginsBootstrapper Context refreshed
[2022-10-26 11:42:58.786] [INFO ] [main] springfox.documentation.spring.web.plugins.DocumentationPluginsBootstrapper Found 1 custom documentation plugin(s)
[2022-10-26 11:42:58.814] [INFO ] [main] springfox.documentation.spring.web.scanners.ApiListingReferenceScanner Scanning for api listing references
[2022-10-26 11:42:59.028] [INFO ] [main] com.springboot.api.ApiApplication Started ApiApplication in 2.731 seconds (JVM running for 3.125)
[2022-10-26 11:43:11.760] [INFO ] [http-nio-8080-exec-1] org.apache.catalina.core.ContainerBase.[Tomcat].[localhost].[/] Initializing Spring DispatcherServlet 'dispatcherServlet'
[2022-10-26 11:43:11.761] [INFO ] [http-nio-8080-exec-1] org.springframework.web.servlet.DispatcherServlet Initializing Servlet 'dispatcherServlet'
[2022-10-26 11:43:11.762] [INFO ] [http-nio-8080-exec-1] org.springframework.web.servlet.DispatcherServlet Completed initialization in 1 ms
[2022-10-26 11:44:06.199] [INFO ] [http-nio-8080-exec-10] com.springboot.api.controller.GetController getHello 메서드가 호출되었습니다.
[2022-10-26 11:44:24.885] [INFO ] [http-nio-8080-exec-2] com.springboot.api.controller.GetController getName 메서드가 호출되었습니다.
[2022-10-26 11:45:49.698] [INFO ] [main] com.springboot.api.ApiApplication Starting ApiApplication using Java 11.0.16.1 on DESKTOP-ERTCLM2 with PID 17536 (C:\Users\황순호\Desktop\HSH_inteliJ\api\target\classes started by 황순호 in C:\Users\황순호\Desktop\HSH_inteliJ\api)
[2022-10-26 11:45:49.701] [INFO ] [main] com.springboot.api.ApiApplication No active profile set, falling back to 1 default profile: "default"
[2022-10-26 11:45:50.999] [INFO ] [main] org.springframework.boot.web.embedded.tomcat.TomcatWebServer Tomcat initialized with port(s): 8080 (http)
[2022-10-26 11:45:51.013] [INFO ] [main] org.apache.coyote.http11.Http11NioProtocol Initializing ProtocolHandler ["http-nio-8080"]
[2022-10-26 11:45:51.013] [INFO ] [main] org.apache.catalina.core.StandardService Starting service [Tomcat]
[2022-10-26 11:45:51.013] [INFO ] [main] org.apache.catalina.core.StandardEngine Starting Servlet engine: [Apache Tomcat/9.0.68]
[2022-10-26 11:45:51.121] [INFO ] [main] org.apache.catalina.core.ContainerBase.[Tomcat].[localhost].[/] Initializing Spring embedded WebApplicationContext
[2022-10-26 11:45:51.122] [INFO ] [main] org.springframework.boot.web.servlet.context.ServletWebServerApplicationContext Root WebApplicationContext: initialization completed in 1363 ms
[2022-10-26 11:45:51.484] [INFO ] [main] springfox.documentation.spring.web.PropertySourcedRequestMappingHandlerMapping Mapped URL path [/v2/api-docs] onto method [springfox.documentation.swagger2.web.Swagger2Controller#getDocumentation(String, HttpServletRequest)]
[2022-10-26 11:45:51.666] [INFO ] [main] org.apache.coyote.http11.Http11NioProtocol Starting ProtocolHandler ["http-nio-8080"]
[2022-10-26 11:45:51.689] [INFO ] [main] org.springframework.boot.web.embedded.tomcat.TomcatWebServer Tomcat started on port(s): 8080 (http) with context path ''
[2022-10-26 11:45:51.691] [INFO ] [main] springfox.documentation.spring.web.plugins.DocumentationPluginsBootstrapper Context refreshed
[2022-10-26 11:45:51.713] [INFO ] [main] springfox.documentation.spring.web.plugins.DocumentationPluginsBootstrapper Found 1 custom documentation plugin(s)
[2022-10-26 11:45:51.740] [INFO ] [main] springfox.documentation.spring.web.scanners.ApiListingReferenceScanner Scanning for api listing references
[2022-10-26 11:45:51.896] [INFO ] [main] com.springboot.api.ApiApplication Started ApiApplication in 2.682 seconds (JVM running for 3.085)
[2022-10-26 11:46:01.777] [INFO ] [http-nio-8080-exec-1] org.apache.catalina.core.ContainerBase.[Tomcat].[localhost].[/] Initializing Spring DispatcherServlet 'dispatcherServlet'
[2022-10-26 11:46:01.778] [INFO ] [http-nio-8080-exec-1] org.springframework.web.servlet.DispatcherServlet Initializing Servlet 'dispatcherServlet'
[2022-10-26 11:46:01.781] [INFO ] [http-nio-8080-exec-1] org.springframework.web.servlet.DispatcherServlet Completed initialization in 3 ms
[2022-10-26 11:46:22.876] [INFO ] [http-nio-8080-exec-8] com.springboot.api.controller.GetController @PathVariable을 통해 들어온값 : HWANG
[2022-10-26 11:47:00.428] [INFO ] [main] com.springboot.api.ApiApplication Starting ApiApplication using Java 11.0.16.1 on DESKTOP-ERTCLM2 with PID 14084 (C:\Users\황순호\Desktop\HSH_inteliJ\api\target\classes started by 황순호 in C:\Users\황순호\Desktop\HSH_inteliJ\api)
[2022-10-26 11:47:00.431] [INFO ] [main] com.springboot.api.ApiApplication No active profile set, falling back to 1 default profile: "default"
[2022-10-26 11:47:01.752] [INFO ] [main] org.springframework.boot.web.embedded.tomcat.TomcatWebServer Tomcat initialized with port(s): 8080 (http)
[2022-10-26 11:47:01.764] [INFO ] [main] org.apache.coyote.http11.Http11NioProtocol Initializing ProtocolHandler ["http-nio-8080"]
[2022-10-26 11:47:01.765] [INFO ] [main] org.apache.catalina.core.StandardService Starting service [Tomcat]
[2022-10-26 11:47:01.765] [INFO ] [main] org.apache.catalina.core.StandardEngine Starting Servlet engine: [Apache Tomcat/9.0.68]
[2022-10-26 11:47:01.872] [INFO ] [main] org.apache.catalina.core.ContainerBase.[Tomcat].[localhost].[/] Initializing Spring embedded WebApplicationContext
[2022-10-26 11:47:01.873] [INFO ] [main] org.springframework.boot.web.servlet.context.ServletWebServerApplicationContext Root WebApplicationContext: initialization completed in 1397 ms
[2022-10-26 11:47:02.257] [INFO ] [main] springfox.documentation.spring.web.PropertySourcedRequestMappingHandlerMapping Mapped URL path [/v2/api-docs] onto method [springfox.documentation.swagger2.web.Swagger2Controller#getDocumentation(String, HttpServletRequest)]
[2022-10-26 11:47:02.459] [INFO ] [main] org.apache.coyote.http11.Http11NioProtocol Starting ProtocolHandler ["http-nio-8080"]
[2022-10-26 11:47:02.477] [INFO ] [main] org.springframework.boot.web.embedded.tomcat.TomcatWebServer Tomcat started on port(s): 8080 (http) with context path ''
[2022-10-26 11:47:02.478] [INFO ] [main] springfox.documentation.spring.web.plugins.DocumentationPluginsBootstrapper Context refreshed
[2022-10-26 11:47:02.495] [INFO ] [main] springfox.documentation.spring.web.plugins.DocumentationPluginsBootstrapper Found 1 custom documentation plugin(s)
[2022-10-26 11:47:02.516] [INFO ] [main] springfox.documentation.spring.web.scanners.ApiListingReferenceScanner Scanning for api listing references
[2022-10-26 11:47:02.675] [INFO ] [main] com.springboot.api.ApiApplication Started ApiApplication in 2.687 seconds (JVM running for 3.124)
[2022-10-26 11:47:08.572] [INFO ] [http-nio-8080-exec-1] org.apache.catalina.core.ContainerBase.[Tomcat].[localhost].[/] Initializing Spring DispatcherServlet 'dispatcherServlet'
[2022-10-26 11:47:08.573] [INFO ] [http-nio-8080-exec-1] org.springframework.web.servlet.DispatcherServlet Initializing Servlet 'dispatcherServlet'
[2022-10-26 11:47:08.573] [INFO ] [http-nio-8080-exec-1] org.springframework.web.servlet.DispatcherServlet Completed initialization in 0 ms
[2022-10-26 11:47:16.210] [INFO ] [http-nio-8080-exec-8] com.springboot.api.controller.GetController @PathVariable을 통해 들어온값 : 
[2022-10-26 11:47:36.548] [INFO ] [main] com.springboot.api.ApiApplication Starting ApiApplication using Java 11.0.16.1 on DESKTOP-ERTCLM2 with PID 19212 (C:\Users\황순호\Desktop\HSH_inteliJ\api\target\classes started by 황순호 in C:\Users\황순호\Desktop\HSH_inteliJ\api)
[2022-10-26 11:47:36.551] [INFO ] [main] com.springboot.api.ApiApplication No active profile set, falling back to 1 default profile: "default"
[2022-10-26 11:47:37.830] [INFO ] [main] org.springframework.boot.web.embedded.tomcat.TomcatWebServer Tomcat initialized with port(s): 8080 (http)
[2022-10-26 11:47:37.839] [INFO ] [main] org.apache.coyote.http11.Http11NioProtocol Initializing ProtocolHandler ["http-nio-8080"]
[2022-10-26 11:47:37.839] [INFO ] [main] org.apache.catalina.core.StandardService Starting service [Tomcat]
[2022-10-26 11:47:37.839] [INFO ] [main] org.apache.catalina.core.StandardEngine Starting Servlet engine: [Apache Tomcat/9.0.68]
[2022-10-26 11:47:37.937] [INFO ] [main] org.apache.catalina.core.ContainerBase.[Tomcat].[localhost].[/] Initializing Spring embedded WebApplicationContext
[2022-10-26 11:47:37.937] [INFO ] [main] org.springframework.boot.web.servlet.context.ServletWebServerApplicationContext Root WebApplicationContext: initialization completed in 1334 ms
[2022-10-26 11:47:38.349] [INFO ] [main] springfox.documentation.spring.web.PropertySourcedRequestMappingHandlerMapping Mapped URL path [/v2/api-docs] onto method [springfox.documentation.swagger2.web.Swagger2Controller#getDocumentation(String, HttpServletRequest)]
[2022-10-26 11:47:38.533] [INFO ] [main] org.apache.coyote.http11.Http11NioProtocol Starting ProtocolHandler ["http-nio-8080"]
[2022-10-26 11:47:38.565] [INFO ] [main] org.springframework.boot.web.embedded.tomcat.TomcatWebServer Tomcat started on port(s): 8080 (http) with context path ''
[2022-10-26 11:47:38.566] [INFO ] [main] springfox.documentation.spring.web.plugins.DocumentationPluginsBootstrapper Context refreshed
[2022-10-26 11:47:38.596] [INFO ] [main] springfox.documentation.spring.web.plugins.DocumentationPluginsBootstrapper Found 1 custom documentation plugin(s)
[2022-10-26 11:47:38.617] [INFO ] [main] springfox.documentation.spring.web.scanners.ApiListingReferenceScanner Scanning for api listing references
[2022-10-26 11:47:38.796] [INFO ] [main] com.springboot.api.ApiApplication Started ApiApplication in 2.694 seconds (JVM running for 3.075)
[2022-10-26 11:47:43.705] [INFO ] [http-nio-8080-exec-1] org.apache.catalina.core.ContainerBase.[Tomcat].[localhost].[/] Initializing Spring DispatcherServlet 'dispatcherServlet'
[2022-10-26 11:47:43.706] [INFO ] [http-nio-8080-exec-1] org.springframework.web.servlet.DispatcherServlet Initializing Servlet 'dispatcherServlet'
[2022-10-26 11:47:43.706] [INFO ] [http-nio-8080-exec-1] org.springframework.web.servlet.DispatcherServlet Completed initialization in 0 ms
[2022-10-26 11:47:43.735] [INFO ] [http-nio-8080-exec-1] com.springboot.api.controller.GetController @PathVariable을 통해 들어온값 : HWANG
